# JRE version: Java(TM) SE Runtime Environment (8.0_111-b14) (build 1.8.0_111-b14)
# Java VM: Java HotSpot(TM) 64-Bit Server VM (25.111-b14 mixed mode linux-amd64 compressed oops)
Heap:
 PSYoungGen      total 36352K, used 27492K [0x00000000d7600000, 0x00000000d9e80000, 0x0000000100000000)
  eden space 31232K, 71% used [0x00000000d7600000,0x00000000d8bdfd70,0x00000000d9480000)
  from space 5120K, 99% used [0x00000000d9480000,0x00000000d99794f0,0x00000000d9980000)
  to   space 5120K, 0% used [0x00000000d9980000,0x00000000d9980000,0x00000000d9e80000)
 ParOldGen       total 100352K, used 28150K [0x0000000086200000, 0x000000008c400000, 0x00000000d7600000)
  object space 100352K, 28% used [0x0000000086200000,0x0000000087d7d890,0x000000008c400000)
 Metaspace       used 22339K, capacity 23346K, committed 23424K, reserved 1069056K
  class space    used 2900K, capacity 3125K, committed 3200K, reserved 1048576K
GC Heap History (8 events):
Event: 2.422 GC heap before
{Heap before GC invocations=1 (full 0):
 PSYoungGen      total 36352K, used 28192K [0x00000000d7600000, 0x00000000d9e80000, 0x0000000100000000)
  eden space 31232K, 90% used [0x00000000d7600000,0x00000000d9188168,0x00000000d9480000)
  from space 5120K, 0% used [0x00000000d9980000,0x00000000d9980000,0x00000000d9e80000)
  to   space 5120K, 0% used [0x00000000d9480000,0x00000000d9480000,0x00000000d9980000)
 ParOldGen       total 83456K, used 0K [0x0000000086200000, 0x000000008b380000, 0x00000000d7600000)
  object space 83456K, 0% used [0x0000000086200000,0x0000000086200000,0x000000008b380000)
 Metaspace       used 14309K, capacity 14768K, committed 14976K, reserved 1062912K
  class space    used 1956K, capacity 2126K, committed 2176K, reserved 1048576K
Event: 2.439 GC heap after
Heap after GC invocations=1 (full 0):
 PSYoungGen      total 36352K, used 5094K [0x00000000d7600000, 0x00000000d9e80000, 0x0000000100000000)
  eden space 31232K, 0% used [0x00000000d7600000,0x00000000d7600000,0x00000000d9480000)
  from space 5120K, 99% used [0x00000000d9480000,0x00000000d99799b0,0x00000000d9980000)
  to   space 5120K, 0% used [0x00000000d9980000,0x00000000d9980000,0x00000000d9e80000)
 ParOldGen       total 83456K, used 1349K [0x0000000086200000, 0x000000008b380000, 0x00000000d7600000)
  object space 83456K, 1% used [0x0000000086200000,0x0000000086351520,0x000000008b380000)
 Metaspace       used 14309K, capacity 14768K, committed 14976K, reserved 1062912K
  class space    used 1956K, capacity 2126K, committed 2176K, reserved 1048576K
}
Event: 98.181 GC heap before
{Heap before GC invocations=2 (full 0):
 PSYoungGen      total 36352K, used 36326K [0x00000000d7600000, 0x00000000d9e80000, 0x0000000100000000)
  eden space 31232K, 100% used [0x00000000d7600000,0x00000000d9480000,0x00000000d9480000)
  from space 5120K, 99% used [0x00000000d9480000,0x00000000d99799b0,0x00000000d9980000)
  to   space 5120K, 0% used [0x00000000d9980000,0x00000000d9980000,0x00000000d9e80000)
 ParOldGen       total 83456K, used 1349K [0x0000000086200000, 0x000000008b380000, 0x00000000d7600000)
  object space 83456K, 1% used [0x0000000086200000,0x0000000086351520,0x000000008b380000)
 Metaspace       used 20183K, capacity 20926K, committed 21120K, reserved 1067008K
  class space    used 2675K, capacity 2849K, committed 2944K, reserved 1048576K
Event: 98.215 GC heap after
Heap after GC invocations=2 (full 0):
 PSYoungGen      total 36352K, used 5091K [0x00000000d7600000, 0x00000000d9e80000, 0x0000000100000000)
  eden space 31232K, 0% used [0x00000000d7600000,0x00000000d7600000,0x00000000d9480000)
  from space 5120K, 99% used [0x00000000d9980000,0x00000000d9e78fd0,0x00000000d9e80000)
  to   space 5120K, 0% used [0x00000000d9480000,0x00000000d9480000,0x00000000d9980000)
 ParOldGen       total 83456K, used 38784K [0x0000000086200000, 0x000000008b380000, 0x00000000d7600000)
  object space 83456K, 46% used [0x0000000086200000,0x00000000887e03f0,0x000000008b380000)
 Metaspace       used 20183K, capacity 20926K, committed 21120K, reserved 1067008K
  class space    used 2675K, capacity 2849K, committed 2944K, reserved 1048576K
}
Event: 98.215 GC heap before
{Heap before GC invocations=3 (full 1):
 PSYoungGen      total 36352K, used 5091K [0x00000000d7600000, 0x00000000d9e80000, 0x0000000100000000)
  eden space 31232K, 0% used [0x00000000d7600000,0x00000000d7600000,0x00000000d9480000)
  from space 5120K, 99% used [0x00000000d9980000,0x00000000d9e78fd0,0x00000000d9e80000)
  to   space 5120K, 0% used [0x00000000d9480000,0x00000000d9480000,0x00000000d9980000)
 ParOldGen       total 83456K, used 38784K [0x0000000086200000, 0x000000008b380000, 0x00000000d7600000)
  object space 83456K, 46% used [0x0000000086200000,0x00000000887e03f0,0x000000008b380000)
 Metaspace       used 20183K, capacity 20926K, committed 21120K, reserved 1067008K
  class space    used 2675K, capacity 2849K, committed 2944K, reserved 1048576K
Event: 98.233 GC heap after
Heap after GC invocations=3 (full 1):
 PSYoungGen      total 36352K, used 0K [0x00000000d7600000, 0x00000000d9e80000, 0x0000000100000000)
  eden space 31232K, 0% used [0x00000000d7600000,0x00000000d7600000,0x00000000d9480000)
  from space 5120K, 0% used [0x00000000d9980000,0x00000000d9980000,0x00000000d9e80000)
  to   space 5120K, 0% used [0x00000000d9480000,0x00000000d9480000,0x00000000d9980000)
 ParOldGen       total 100352K, used 22158K [0x0000000086200000, 0x000000008c400000, 0x00000000d7600000)
  object space 100352K, 22% used [0x0000000086200000,0x00000000877a3ae0,0x000000008c400000)
 Metaspace       used 20183K, capacity 20926K, committed 21120K, reserved 1067008K
  class space    used 2675K, capacity 2849K, committed 2944K, reserved 1048576K
}
Event: 322.693 GC heap before
{Heap before GC invocations=4 (full 1):
 PSYoungGen      total 36352K, used 30967K [0x00000000d7600000, 0x00000000d9e80000, 0x0000000100000000)
  eden space 31232K, 99% used [0x00000000d7600000,0x00000000d943dca0,0x00000000d9480000)
  from space 5120K, 0% used [0x00000000d9980000,0x00000000d9980000,0x00000000d9e80000)
  to   space 5120K, 0% used [0x00000000d9480000,0x00000000d9480000,0x00000000d9980000)
 ParOldGen       total 100352K, used 22158K [0x0000000086200000, 0x000000008c400000, 0x00000000d7600000)
  object space 100352K, 22% used [0x0000000086200000,0x00000000877a3ae0,0x000000008c400000)
 Metaspace       used 21791K, capacity 22762K, committed 22784K, reserved 1069056K
  class space    used 2843K, capacity 3067K, committed 3072K, reserved 1048576K
Event: 322.697 GC heap after
Heap after GC invocations=4 (full 1):
 PSYoungGen      total 36352K, used 5093K [0x00000000d7600000, 0x00000000d9e80000, 0x0000000100000000)
  eden space 31232K, 0% used [0x00000000d7600000,0x00000000d7600000,0x00000000d9480000)
  from space 5120K, 99% used [0x00000000d9480000,0x00000000d99794f0,0x00000000d9980000)
  to   space 5120K, 0% used [0x00000000d9980000,0x00000000d9980000,0x00000000d9e80000)
 ParOldGen       total 100352K, used 28150K [0x0000000086200000, 0x000000008c400000, 0x00000000d7600000)
  object space 100352K, 28% used [0x0000000086200000,0x0000000087d7d890,0x000000008c400000)
 Metaspace       used 21791K, capacity 22762K, committed 22784K, reserved 1069056K
  class space    used 2843K, capacity 3067K, committed 3072K, reserved 1048576K
}

