# JRE version: Java(TM) SE Runtime Environment (8.0_111-b14) (build 1.8.0_111-b14)
# Java VM: Java HotSpot(TM) 64-Bit Server VM (25.111-b14 mixed mode linux-amd64 compressed oops)
Heap:
 PSYoungGen      total 67584K, used 5112K [0x00000000d7600000, 0x00000000dbd00000, 0x0000000100000000)
  eden space 62464K, 0% used [0x00000000d7600000,0x00000000d7600000,0x00000000db300000)
  from space 5120K, 99% used [0x00000000db800000,0x00000000dbcfe328,0x00000000dbd00000)
  to   space 5120K, 0% used [0x00000000db300000,0x00000000db300000,0x00000000db800000)
 ParOldGen       total 83456K, used 36356K [0x0000000086200000, 0x000000008b380000, 0x00000000d7600000)
  object space 83456K, 43% used [0x0000000086200000,0x0000000088581200,0x000000008b380000)
 Metaspace       used 20474K, capacity 21212K, committed 21296K, reserved 1067008K
  class space    used 2752K, capacity 2922K, committed 2944K, reserved 1048576K
GC Heap History (5 events):
Event: 0.564 GC heap before
{Heap before GC invocations=1 (full 0):
 PSYoungGen      total 36352K, used 28215K [0x00000000d7600000, 0x00000000d9e80000, 0x0000000100000000)
  eden space 31232K, 90% used [0x00000000d7600000,0x00000000d918de48,0x00000000d9480000)
  from space 5120K, 0% used [0x00000000d9980000,0x00000000d9980000,0x00000000d9e80000)
  to   space 5120K, 0% used [0x00000000d9480000,0x00000000d9480000,0x00000000d9980000)
 ParOldGen       total 83456K, used 0K [0x0000000086200000, 0x000000008b380000, 0x00000000d7600000)
  object space 83456K, 0% used [0x0000000086200000,0x0000000086200000,0x000000008b380000)
 Metaspace       used 14307K, capacity 14848K, committed 14976K, reserved 1062912K
  class space    used 1956K, capacity 2126K, committed 2176K, reserved 1048576K
Event: 0.581 GC heap after
Heap after GC invocations=1 (full 0):
 PSYoungGen      total 36352K, used 5110K [0x00000000d7600000, 0x00000000dbd00000, 0x0000000100000000)
  eden space 31232K, 0% used [0x00000000d7600000,0x00000000d7600000,0x00000000d9480000)
  from space 5120K, 99% used [0x00000000d9480000,0x00000000d997d9c0,0x00000000d9980000)
  to   space 5120K, 0% used [0x00000000db800000,0x00000000db800000,0x00000000dbd00000)
 ParOldGen       total 83456K, used 1341K [0x0000000086200000, 0x000000008b380000, 0x00000000d7600000)
  object space 83456K, 1% used [0x0000000086200000,0x000000008634f520,0x000000008b380000)
 Metaspace       used 14307K, capacity 14848K, committed 14976K, reserved 1062912K
  class space    used 1956K, capacity 2126K, committed 2176K, reserved 1048576K
}
Event: 40.421 GC heap before
{Heap before GC invocations=2 (full 0):
 PSYoungGen      total 36352K, used 35384K [0x00000000d7600000, 0x00000000dbd00000, 0x0000000100000000)
  eden space 31232K, 96% used [0x00000000d7600000,0x00000000d93906f8,0x00000000d9480000)
  from space 5120K, 99% used [0x00000000d9480000,0x00000000d997d9c0,0x00000000d9980000)
  to   space 5120K, 0% used [0x00000000db800000,0x00000000db800000,0x00000000dbd00000)
 ParOldGen       total 83456K, used 1341K [0x0000000086200000, 0x000000008b380000, 0x00000000d7600000)
  object space 83456K, 1% used [0x0000000086200000,0x000000008634f520,0x000000008b380000)
 Metaspace       used 20474K, capacity 21212K, committed 21296K, reserved 1067008K
  class space    used 2752K, capacity 2922K, committed 2944K, reserved 1048576K
Event: 40.453 GC heap after
Heap after GC invocations=2 (full 0):
 PSYoungGen      total 67584K, used 5112K [0x00000000d7600000, 0x00000000dbd00000, 0x0000000100000000)
  eden space 62464K, 0% used [0x00000000d7600000,0x00000000d7600000,0x00000000db300000)
  from space 5120K, 99% used [0x00000000db800000,0x00000000dbcfe328,0x00000000dbd00000)
  to   space 5120K, 0% used [0x00000000db300000,0x00000000db300000,0x00000000db800000)
 ParOldGen       total 83456K, used 36356K [0x0000000086200000, 0x000000008b380000, 0x00000000d7600000)
  object space 83456K, 43% used [0x0000000086200000,0x0000000088581200,0x000000008b380000)
 Metaspace       used 20474K, capacity 21212K, committed 21296K, reserved 1067008K
  class space    used 2752K, capacity 2922K, committed 2944K, reserved 1048576K
}
Event: 40.453 GC heap before
{Heap before GC invocations=3 (full 1):
 PSYoungGen      total 67584K, used 5112K [0x00000000d7600000, 0x00000000dbd00000, 0x0000000100000000)
  eden space 62464K, 0% used [0x00000000d7600000,0x00000000d7600000,0x00000000db300000)
  from space 5120K, 99% used [0x00000000db800000,0x00000000dbcfe328,0x00000000dbd00000)
  to   space 5120K, 0% used [0x00000000db300000,0x00000000db300000,0x00000000db800000)
 ParOldGen       total 83456K, used 36356K [0x0000000086200000, 0x000000008b380000, 0x00000000d7600000)
  object space 83456K, 43% used [0x0000000086200000,0x0000000088581200,0x000000008b380000)
 Metaspace       used 20474K, capacity 21212K, committed 21296K, reserved 1067008K
  class space    used 2752K, capacity 2922K, committed 2944K, reserved 1048576K

